This is pdfTeX, Version 3.1415926-1.40.10 (TeX Live 2009/Arch Linux) (format=pdflatex 2010.1.19)  19 JAN 2010 16:39
entering extended mode
 restricted \write18 enabled.
 %&-line parsing enabled.
**Dokumentacja.tex
(./Dokumentacja.tex
LaTeX2e <2009/09/24>
Babel <v3.8l> and hyphenation patterns for english, usenglishmax, dumylang, noh
yphenation, german-x-2009-06-19, ngerman-x-2009-06-19, ancientgreek, ibycus, ar
abic, basque, bulgarian, catalan, pinyin, coptic, croatian, czech, danish, dutc
h, esperanto, estonian, farsi, finnish, french, galician, german, ngerman, mono
greek, greek, hungarian, icelandic, indonesian, interlingua, irish, italian, ku
rmanji, latin, latvian, lithuanian, mongolian, mongolian2a, bokmal, nynorsk, po
lish, portuguese, romanian, russian, sanskrit, serbian, slovak, slovenian, span
ish, swedish, turkish, ukenglish, ukrainian, uppersorbian, welsh, loaded.
(/usr/share/texmf-dist/tex/latex/base/report.cls
Document Class: report 2007/10/19 v1.4h Standard LaTeX document class
(/usr/share/texmf-dist/tex/latex/base/size11.clo
File: size11.clo 2007/10/19 v1.4h Standard LaTeX file (size option)
)
\c@part=\count79
\c@chapter=\count80
\c@section=\count81
\c@subsection=\count82
\c@subsubsection=\count83
\c@paragraph=\count84
\c@subparagraph=\count85
\c@figure=\count86
\c@table=\count87
\abovecaptionskip=\skip41
\belowcaptionskip=\skip42
\bibindent=\dimen102
)
(/usr/share/texmf-dist/tex/latex/geometry/geometry.sty
Package: geometry 2008/12/21 v4.2 Page Geometry

(/usr/share/texmf-dist/tex/latex/graphics/keyval.sty
Package: keyval 1999/03/16 v1.13 key=value parser (DPC)
\KV@toks@=\toks14
)
(/usr/share/texmf-dist/tex/generic/oberdiek/ifpdf.sty
Package: ifpdf 2009/04/10 v2.0 Provides the ifpdf switch (HO)
Package ifpdf Info: pdfTeX in pdf mode detected.
)
(/usr/share/texmf-dist/tex/generic/oberdiek/ifvtex.sty
Package: ifvtex 2008/11/04 v1.4 Switches for detecting VTeX and its modes (HO)
Package ifvtex Info: VTeX not detected.
)
\Gm@cnth=\count88
\Gm@cntv=\count89
\c@Gm@tempcnt=\count90
\Gm@bindingoffset=\dimen103
\Gm@wd@mp=\dimen104
\Gm@odd@mp=\dimen105
\Gm@even@mp=\dimen106
\Gm@dimlist=\toks15

(/usr/share/texmf-dist/tex/xelatex/xetexconfig/geometry.cfg))
(/usr/share/texmf-dist/tex/latex/base/inputenc.sty
Package: inputenc 2008/03/30 v1.1d Input encoding file
\inpenc@prehook=\toks16
\inpenc@posthook=\toks17

(/usr/share/texmf-dist/tex/latex/base/utf8.def
File: utf8.def 2008/04/05 v1.1m UTF-8 support for inputenc
Now handling font encoding OML ...
... no UTF-8 mapping file for font encoding OML
Now handling font encoding T1 ...
... processing UTF-8 mapping file for font encoding T1

(/usr/share/texmf-dist/tex/latex/base/t1enc.dfu
File: t1enc.dfu 2008/04/05 v1.1m UTF-8 support for inputenc
   defining Unicode char U+00A1 (decimal 161)
   defining Unicode char U+00A3 (decimal 163)
   defining Unicode char U+00AB (decimal 171)
   defining Unicode char U+00BB (decimal 187)
   defining Unicode char U+00BF (decimal 191)
   defining Unicode char U+00C0 (decimal 192)
   defining Unicode char U+00C1 (decimal 193)
   defining Unicode char U+00C2 (decimal 194)
   defining Unicode char U+00C3 (decimal 195)
   defining Unicode char U+00C4 (decimal 196)
   defining Unicode char U+00C5 (decimal 197)
   defining Unicode char U+00C6 (decimal 198)
   defining Unicode char U+00C7 (decimal 199)
   defining Unicode char U+00C8 (decimal 200)
   defining Unicode char U+00C9 (decimal 201)
   defining Unicode char U+00CA (decimal 202)
   defining Unicode char U+00CB (decimal 203)
   defining Unicode char U+00CC (decimal 204)
   defining Unicode char U+00CD (decimal 205)
   defining Unicode char U+00CE (decimal 206)
   defining Unicode char U+00CF (decimal 207)
   defining Unicode char U+00D0 (decimal 208)
   defining Unicode char U+00D1 (decimal 209)
   defining Unicode char U+00D2 (decimal 210)
   defining Unicode char U+00D3 (decimal 211)
   defining Unicode char U+00D4 (decimal 212)
   defining Unicode char U+00D5 (decimal 213)
   defining Unicode char U+00D6 (decimal 214)
   defining Unicode char U+00D8 (decimal 216)
   defining Unicode char U+00D9 (decimal 217)
   defining Unicode char U+00DA (decimal 218)
   defining Unicode char U+00DB (decimal 219)
   defining Unicode char U+00DC (decimal 220)
   defining Unicode char U+00DD (decimal 221)
   defining Unicode char U+00DE (decimal 222)
   defining Unicode char U+00DF (decimal 223)
   defining Unicode char U+00E0 (decimal 224)
   defining Unicode char U+00E1 (decimal 225)
   defining Unicode char U+00E2 (decimal 226)
   defining Unicode char U+00E3 (decimal 227)
   defining Unicode char U+00E4 (decimal 228)
   defining Unicode char U+00E5 (decimal 229)
   defining Unicode char U+00E6 (decimal 230)
   defining Unicode char U+00E7 (decimal 231)
   defining Unicode char U+00E8 (decimal 232)
   defining Unicode char U+00E9 (decimal 233)
   defining Unicode char U+00EA (decimal 234)
   defining Unicode char U+00EB (decimal 235)
   defining Unicode char U+00EC (decimal 236)
   defining Unicode char U+00ED (decimal 237)
   defining Unicode char U+00EE (decimal 238)
   defining Unicode char U+00EF (decimal 239)
   defining Unicode char U+00F0 (decimal 240)
   defining Unicode char U+00F1 (decimal 241)
   defining Unicode char U+00F2 (decimal 242)
   defining Unicode char U+00F3 (decimal 243)
   defining Unicode char U+00F4 (decimal 244)
   defining Unicode char U+00F5 (decimal 245)
   defining Unicode char U+00F6 (decimal 246)
   defining Unicode char U+00F8 (decimal 248)
   defining Unicode char U+00F9 (decimal 249)
   defining Unicode char U+00FA (decimal 250)
   defining Unicode char U+00FB (decimal 251)
   defining Unicode char U+00FC (decimal 252)
   defining Unicode char U+00FD (decimal 253)
   defining Unicode char U+00FE (decimal 254)
   defining Unicode char U+00FF (decimal 255)
   defining Unicode char U+0102 (decimal 258)
   defining Unicode char U+0103 (decimal 259)
   defining Unicode char U+0104 (decimal 260)
   defining Unicode char U+0105 (decimal 261)
   defining Unicode char U+0106 (decimal 262)
   defining Unicode char U+0107 (decimal 263)
   defining Unicode char U+010C (decimal 268)
   defining Unicode char U+010D (decimal 269)
   defining Unicode char U+010E (decimal 270)
   defining Unicode char U+010F (decimal 271)
   defining Unicode char U+0110 (decimal 272)
   defining Unicode char U+0111 (decimal 273)
   defining Unicode char U+0118 (decimal 280)
   defining Unicode char U+0119 (decimal 281)
   defining Unicode char U+011A (decimal 282)
   defining Unicode char U+011B (decimal 283)
   defining Unicode char U+011E (decimal 286)
   defining Unicode char U+011F (decimal 287)
   defining Unicode char U+0130 (decimal 304)
   defining Unicode char U+0131 (decimal 305)
   defining Unicode char U+0132 (decimal 306)
   defining Unicode char U+0133 (decimal 307)
   defining Unicode char U+0139 (decimal 313)
   defining Unicode char U+013A (decimal 314)
   defining Unicode char U+013D (decimal 317)
   defining Unicode char U+013E (decimal 318)
   defining Unicode char U+0141 (decimal 321)
   defining Unicode char U+0142 (decimal 322)
   defining Unicode char U+0143 (decimal 323)
   defining Unicode char U+0144 (decimal 324)
   defining Unicode char U+0147 (decimal 327)
   defining Unicode char U+0148 (decimal 328)
   defining Unicode char U+014A (decimal 330)
   defining Unicode char U+014B (decimal 331)
   defining Unicode char U+0150 (decimal 336)
   defining Unicode char U+0151 (decimal 337)
   defining Unicode char U+0152 (decimal 338)
   defining Unicode char U+0153 (decimal 339)
   defining Unicode char U+0154 (decimal 340)
   defining Unicode char U+0155 (decimal 341)
   defining Unicode char U+0158 (decimal 344)
   defining Unicode char U+0159 (decimal 345)
   defining Unicode char U+015A (decimal 346)
   defining Unicode char U+015B (decimal 347)
   defining Unicode char U+015E (decimal 350)
   defining Unicode char U+015F (decimal 351)
   defining Unicode char U+0160 (decimal 352)
   defining Unicode char U+0161 (decimal 353)
   defining Unicode char U+0162 (decimal 354)
   defining Unicode char U+0163 (decimal 355)
   defining Unicode char U+0164 (decimal 356)
   defining Unicode char U+0165 (decimal 357)
   defining Unicode char U+016E (decimal 366)
   defining Unicode char U+016F (decimal 367)
   defining Unicode char U+0170 (decimal 368)
   defining Unicode char U+0171 (decimal 369)
   defining Unicode char U+0178 (decimal 376)
   defining Unicode char U+0179 (decimal 377)
   defining Unicode char U+017A (decimal 378)
   defining Unicode char U+017B (decimal 379)
   defining Unicode char U+017C (decimal 380)
   defining Unicode char U+017D (decimal 381)
   defining Unicode char U+017E (decimal 382)
   defining Unicode char U+200C (decimal 8204)
   defining Unicode char U+2013 (decimal 8211)
   defining Unicode char U+2014 (decimal 8212)
   defining Unicode char U+2018 (decimal 8216)
   defining Unicode char U+2019 (decimal 8217)
   defining Unicode char U+201A (decimal 8218)
   defining Unicode char U+201C (decimal 8220)
   defining Unicode char U+201D (decimal 8221)
   defining Unicode char U+201E (decimal 8222)
   defining Unicode char U+2030 (decimal 8240)
   defining Unicode char U+2031 (decimal 8241)
   defining Unicode char U+2039 (decimal 8249)
   defining Unicode char U+203A (decimal 8250)
   defining Unicode char U+2423 (decimal 9251)
)
Now handling font encoding OT1 ...
... processing UTF-8 mapping file for font encoding OT1

(/usr/share/texmf-dist/tex/latex/base/ot1enc.dfu
File: ot1enc.dfu 2008/04/05 v1.1m UTF-8 support for inputenc
   defining Unicode char U+00A1 (decimal 161)
   defining Unicode char U+00A3 (decimal 163)
   defining Unicode char U+00B8 (decimal 184)
   defining Unicode char U+00BF (decimal 191)
   defining Unicode char U+00C5 (decimal 197)
   defining Unicode char U+00C6 (decimal 198)
   defining Unicode char U+00D8 (decimal 216)
   defining Unicode char U+00DF (decimal 223)
   defining Unicode char U+00E6 (decimal 230)
   defining Unicode char U+00EC (decimal 236)
   defining Unicode char U+00ED (decimal 237)
   defining Unicode char U+00EE (decimal 238)
   defining Unicode char U+00EF (decimal 239)
   defining Unicode char U+00F8 (decimal 248)
   defining Unicode char U+0131 (decimal 305)
   defining Unicode char U+0141 (decimal 321)
   defining Unicode char U+0142 (decimal 322)
   defining Unicode char U+0152 (decimal 338)
   defining Unicode char U+0153 (decimal 339)
   defining Unicode char U+2013 (decimal 8211)
   defining Unicode char U+2014 (decimal 8212)
   defining Unicode char U+2018 (decimal 8216)
   defining Unicode char U+2019 (decimal 8217)
   defining Unicode char U+201C (decimal 8220)
   defining Unicode char U+201D (decimal 8221)
)
Now handling font encoding OMS ...
... processing UTF-8 mapping file for font encoding OMS

(/usr/share/texmf-dist/tex/latex/base/omsenc.dfu
File: omsenc.dfu 2008/04/05 v1.1m UTF-8 support for inputenc
   defining Unicode char U+00A7 (decimal 167)
   defining Unicode char U+00B6 (decimal 182)
   defining Unicode char U+00B7 (decimal 183)
   defining Unicode char U+2020 (decimal 8224)
   defining Unicode char U+2021 (decimal 8225)
   defining Unicode char U+2022 (decimal 8226)
)
Now handling font encoding OMX ...
... no UTF-8 mapping file for font encoding OMX
Now handling font encoding U ...
... no UTF-8 mapping file for font encoding U
   defining Unicode char U+00A9 (decimal 169)
   defining Unicode char U+00AA (decimal 170)
   defining Unicode char U+00AE (decimal 174)
   defining Unicode char U+00BA (decimal 186)
   defining Unicode char U+02C6 (decimal 710)
   defining Unicode char U+02DC (decimal 732)
   defining Unicode char U+200C (decimal 8204)
   defining Unicode char U+2026 (decimal 8230)
   defining Unicode char U+2122 (decimal 8482)
   defining Unicode char U+2423 (decimal 9251)
))
(/usr/share/texmf-dist/tex/generic/babel/babel.sty
Package: babel 2008/07/06 v3.8l The Babel package

(/usr/share/texmf-dist/tex/generic/babel/polish.ldf
Language: polish 2005/03/31 v1.2l Polish support from the babel system

(/usr/share/texmf-dist/tex/generic/babel/babel.def
File: babel.def 2008/07/06 v3.8l Babel common definitions
\babel@savecnt=\count91
\U@D=\dimen107
)
Package babel Info: Making " an active character on input line 83.
\pl@left=\dimen108
\pl@down=\dimen109
\pl@right=\dimen110
\pl@temp=\dimen111
))
(/usr/share/texmf-dist/tex/latex/base/fontenc.sty
Package: fontenc 2005/09/27 v1.99g Standard LaTeX package

(/usr/share/texmf-dist/tex/latex/base/ot4enc.def
File: ot4enc.def 2005/09/27 v1.99g Standard LaTeX file
Now handling font encoding OT4 ...
... no UTF-8 mapping file for font encoding OT4
)
LaTeX Font Info:    Try loading font information for OT4+cmr on input line 100.


(/usr/share/texmf-dist/tex/latex/polski/ot4cmr.fd
File: ot4cmr.fd 2008/02/24 v1.2.1 Font defs for fonts PL (MW)
))
(/usr/share/texmf-dist/tex/latex/polski/polski.sty
Package: polski 2008/02/24 v1.3.3 Polish language package

Document language package `polski' v1.3.3 <2008/02/24>
   Inputenc package detected. Catcodes not changed.
) (/usr/share/texmf-dist/tex/latex/tools/indentfirst.sty
Package: indentfirst 1995/11/23 v1.03 Indent first paragraph (DPC)
)
(/usr/share/texmf-dist/tex/latex/anysize/anysize.sty
Package: anysize 1994/08/13 setting margin sizes

document style option `anysize' loaded
Michael Salzenberg, Thomas Esser, Dirk Hillbrecht
Version 1.0, Aug 13, 1994
\@Leftmargin=\dimen112
\@Rightmargin=\dimen113
\@Topmargin=\dimen114
\@Bottommargin=\dimen115
) (/usr/share/texmf-dist/tex/latex/graphics/graphicx.sty
Package: graphicx 1999/02/16 v1.0f Enhanced LaTeX Graphics (DPC,SPQR)

(/usr/share/texmf-dist/tex/latex/graphics/graphics.sty
Package: graphics 2009/02/05 v1.0o Standard LaTeX Graphics (DPC,SPQR)

(/usr/share/texmf-dist/tex/latex/graphics/trig.sty
Package: trig 1999/03/16 v1.09 sin cos tan (DPC)
)
(/usr/share/texmf-dist/tex/latex/latexconfig/graphics.cfg
File: graphics.cfg 2009/08/28 v1.8 graphics configuration of TeX Live
)
Package graphics Info: Driver file: pdftex.def on input line 91.

(/usr/share/texmf-dist/tex/latex/pdftex-def/pdftex.def
File: pdftex.def 2009/08/25 v0.04m Graphics/color for pdfTeX
\Gread@gobject=\count92
))
\Gin@req@height=\dimen116
\Gin@req@width=\dimen117
)
\@indexfile=\write3
\openout3 = `Dokumentacja.idx'.


Writing index file Dokumentacja.idx
(./Dokumentacja.aux)
\openout1 = `Dokumentacja.aux'.

LaTeX Font Info:    Checking defaults for OML/cmm/m/it on input line 16.
LaTeX Font Info:    ... okay on input line 16.
LaTeX Font Info:    Checking defaults for T1/cmr/m/n on input line 16.
LaTeX Font Info:    ... okay on input line 16.
LaTeX Font Info:    Checking defaults for OT1/cmr/m/n on input line 16.
LaTeX Font Info:    ... okay on input line 16.
LaTeX Font Info:    Checking defaults for OMS/cmsy/m/n on input line 16.
LaTeX Font Info:    ... okay on input line 16.
LaTeX Font Info:    Checking defaults for OMX/cmex/m/n on input line 16.
LaTeX Font Info:    ... okay on input line 16.
LaTeX Font Info:    Checking defaults for U/cmr/m/n on input line 16.
LaTeX Font Info:    ... okay on input line 16.
LaTeX Font Info:    Checking defaults for OT4/cmr/m/n on input line 16.
LaTeX Font Info:    ... okay on input line 16.

*geometry auto-detecting driver*
*geometry detected driver: pdftex*
-------------------- Geometry parameters
paper: a4paper
landscape: --
twocolumn: --
twoside: --
asymmetric: --
h-parts: 89.62709pt, 0.7\paperwidth , 89.6271pt (default)
v-parts: 14.22636pt, 773.91498pt, 56.9055pt
hmarginratio: 1:1
vmarginratio: --
lines: --
heightrounded: --
bindingoffset: 0.0pt
truedimen: --
includehead: --
includefoot: --
includemp: --
driver: pdftex
-------------------- Page layout dimensions and switches
\paperwidth  597.50787pt
\paperheight 845.04684pt
\textwidth  455.24411pt
\textheight 690.7831pt
\oddsidemargin  13.08827pt
\evensidemargin -15.36449pt
\topmargin  -15.36449pt
\headheight 12.0pt
\headsep    28.45274pt
\footskip   0.0pt
\marginparwidth 50.0pt
\marginparsep   10.0pt
\columnsep  10.0pt
\skip\footins  10.0pt plus 4.0pt minus 2.0pt
\hoffset 0.0pt
\voffset 0.0pt
\mag 1000

(1in=72.27pt, 1cm=28.45pt)
-----------------------
(/usr/share/texmf-dist/tex/context/base/supp-pdf.mkii
[Loading MPS to PDF converter (version 2006.09.02).]
\scratchcounter=\count93
\scratchdimen=\dimen118
\scratchbox=\box26
\nofMPsegments=\count94
\nofMParguments=\count95
\everyMPshowfont=\toks18
\MPscratchCnt=\count96
\MPscratchDim=\dimen119
\MPnumerator=\count97
\everyMPtoPDFconversion=\toks19
)
LaTeX Font Info:    Try loading font information for OT4+cmss on input line 19.

 (/usr/share/texmf-dist/tex/latex/polski/ot4cmss.fd
File: ot4cmss.fd 2008/02/24 v1.2.1 Font defs for fonts PL (MW)
)
<under_title.png, id=1, 542.73354pt x 486.05118pt>
File: under_title.png Graphic file (type png)
 <use under_title.png>
[1

{/usr/share/texmf-var/fonts/map/pdftex/updmap/pdftex.map} <./under_title.png (P
NG copy)>] (./Dokumentacja.toc
LaTeX Font Info:    External font `cmex10' loaded for size
(Font)              <10.95> on input line 5.
LaTeX Font Info:    External font `cmex10' loaded for size
(Font)              <8> on input line 5.
LaTeX Font Info:    External font `cmex10' loaded for size
(Font)              <6> on input line 5.
)
\tf@toc=\write4
\openout4 = `Dokumentacja.toc'.

 [1

]
Rozdzia\l  1.
LaTeX Font Info:    Try loading font information for OMS+cmr on input line 41.
(/usr/share/texmf-dist/tex/latex/base/omscmr.fd
File: omscmr.fd 1999/05/25 v2.5h Standard LaTeX font definitions
)
LaTeX Font Info:    Font shape `OMS/cmr/m/n' in size <10.95> not available
(Font)              Font shape `OMS/cmsy/m/n' tried instead on input line 41.
 [2

]
Rozdzia\l  2.
[3

] <architektura.png, id=23, 1307.9453pt x 684.4394pt>
File: architektura.png Graphic file (type png)
 <use architektura.png>

LaTeX Warning: `h' float specifier changed to `ht'.

[4] [5 <./architektura.png (PNG copy)>]
Rozdzia\l  3.
<3PC-serwer.png, id=31, 1255.51411pt x 559.73824pt>
File: 3PC-serwer.png Graphic file (type png)
 <use 3PC-serwer.png>
<3PC-klient.png, id=32, 1255.51411pt x 561.15529pt>
File: 3PC-klient.png Graphic file (type png)
 <use 3PC-klient.png>
[6

 <./3PC-serwer.png (PNG copy)>]
LaTeX Font Info:    Try loading font information for OT4+cmtt on input line 85.


(/usr/share/texmf-dist/tex/latex/polski/ot4cmtt.fd
File: ot4cmtt.fd 2008/02/24 v1.2.1 Font defs for fonts PL (MW)
)
Overfull \hbox (10.37398pt too wide) in paragraph at lines 85--86
[]\OT4/cmr/m/n/10.95 Pewien klient ini-cjuje se-kwen-cj¦ trój-fa-zo-wego za-twi
er-dze-nia za po-moc¡ pa-kietu []\OT4/cmtt/m/n/10.95 Transaction\OT4/cmr/m/n/10
.95 .
 []

[7 <./3PC-klient.png (PNG copy)>]
Rozdzia\l  4.
<restore_init.png, id=41, 542.73354pt x 486.05118pt>
File: restore_init.png Graphic file (type png)
 <use restore_init.png>
<restore_first_hello.png, id=42, 731.20235pt x 486.05118pt>
File: restore_first_hello.png Graphic file (type png)

<use restore_first_hello.png>

LaTeX Warning: `h' float specifier changed to `ht'.

<restore_node_not_in_sync.png, id=43, 994.7753pt x 711.36353pt>
File: restore_node_not_in_sync.png Graphic file (type png)

<use restore_node_not_in_sync.png>
Overfull \hbox (22.22743pt too wide) in paragraph at lines 111--112
 [][] 
 []


LaTeX Warning: `h' float specifier changed to `ht'.

<restore_restore_offer.png, id=44, 768.04588pt x 486.05118pt>
File: restore_restore_offer.png Graphic file (type png)

<use restore_restore_offer.png>

LaTeX Warning: `h' float specifier changed to `ht'.

<restore_restore_ack.png, id=45, 542.73354pt x 486.05118pt>
File: restore_restore_ack.png Graphic file (type png)

<use restore_restore_ack.png>

LaTeX Warning: `h' float specifier changed to `ht'.

<restore_restore_data_transfer.png, id=46, 739.70471pt x 486.05118pt>
File: restore_restore_data_transfer.png Graphic file (type png)

<use restore_restore_data_transfer.png>

LaTeX Warning: `h' float specifier changed to `ht'.

<restore_after_sync_hello.png, id=47, 769.46294pt x 486.05118pt>
File: restore_after_sync_hello.png Graphic file (type png)

<use restore_after_sync_hello.png>

LaTeX Warning: `h' float specifier changed to `ht'.

<restore_connected.png, id=48, 542.73354pt x 486.05118pt>
File: restore_connected.png Graphic file (type png)

<use restore_connected.png>

LaTeX Warning: `h' float specifier changed to `ht'.

[8

 <./restore_init.png (PNG copy)>] [9 <./restore_first_hello.png (PNG copy)> <./
restore_node_not_in_sync.png (PNG copy)>] [10 <./restore_restore_offer.png (PNG
 copy)> <./restore_restore_ack.png (PNG copy)>] [11 <./restore_restore_data_tra
nsfer.png (PNG copy)> <./restore_after_sync_hello.png (PNG copy)>] [12 <./resto
re_connected.png (PNG copy)>]
Rozdzia\l  5.
<sekwencje/TPC.png, id=65, 970.3753pt x 543.53062pt>
File: sekwencje/TPC.png Graphic file (type png)
 <use sekwencje/TPC.png>

LaTeX Warning: `h' float specifier changed to `ht'.

<sekwencje/CohCohordStates.png, id=66, 568.37344pt x 365.11406pt>
File: sekwencje/CohCohordStates.png Graphic file (type png)

<use sekwencje/CohCohordStates.png>

LaTeX Warning: `h' float specifier changed to `ht'.

<sekwencje/CorCoordinatorStates.png, id=67, 422.32782pt x 252.19218pt>
File: sekwencje/CorCoordinatorStates.png Graphic file (type png)

<use sekwencje/CorCoordinatorStates.png>

LaTeX Warning: `h' float specifier changed to `ht'.

<sekwencje/CanCommitMessage1.png, id=68, 922.19531pt x 439.6425pt>
File: sekwencje/CanCommitMessage1.png Graphic file (type png)

<use sekwencje/CanCommitMessage1.png>

LaTeX Warning: `h' float specifier changed to `ht'.

<sekwencje/CanCommitMessage2.png, id=69, 964.35281pt x 286.06876pt>
File: sekwencje/CanCommitMessage2.png Graphic file (type png)

<use sekwencje/CanCommitMessage2.png>

LaTeX Warning: `h' float specifier changed to `ht'.

<sekwencje/YesForCommit.png, id=70, 934.24031pt x 284.56313pt>
File: sekwencje/YesForCommit.png Graphic file (type png)

<use sekwencje/YesForCommit.png>

LaTeX Warning: `h' float specifier changed to `ht'.

<sekwencje/NoForCommit.png, id=71, 621.07031pt x 265.74281pt>
File: sekwencje/NoForCommit.png Graphic file (type png)

<use sekwencje/NoForCommit.png>

LaTeX Warning: `h' float specifier changed to `ht'.

<sekwencje/PreCommitMessage.png, id=72, 965.85844pt x 408.77719pt>
File: sekwencje/PreCommitMessage.png Graphic file (type png)

<use sekwencje/PreCommitMessage.png>

LaTeX Warning: `h' float specifier changed to `ht'.

<sekwencje/AckDoCommitMessage.png, id=73, 927.465pt x 411.03563pt>
File: sekwencje/AckDoCommitMessage.png Graphic file (type png)

<use sekwencje/AckDoCommitMessage.png>

LaTeX Warning: `h' float specifier changed to `ht'.

<sekwencje/DoCommitMessage.png, id=74, 506.6428pt x 238.64156pt>
File: sekwencje/DoCommitMessage.png Graphic file (type png)

<use sekwencje/DoCommitMessage.png>

LaTeX Warning: `h' float specifier changed to `ht'.

<sekwencje/HaveCommittedMessage.png, id=75, 1000.48781pt x 395.22656pt>
File: sekwencje/HaveCommittedMessage.png Graphic file (type png)

<use sekwencje/HaveCommittedMessage.png>

LaTeX Warning: `h' float specifier changed to `ht'.

[13

] [14 <./sekwencje/TPC.png (PNG copy)>] [15 <./sekwencje/CohCohordStates.png (P
NG copy)> <./sekwencje/CorCoordinatorStates.png (PNG copy)>] [16 <./sekwencje/C
anCommitMessage1.png (PNG copy)>] [17 <./sekwencje/CanCommitMessage2.png (PNG c
opy)>] [18 <./sekwencje/YesForCommit.png (PNG copy)>] [19 <./sekwencje/NoForCom
mit.png (PNG copy)>] [20 <./sekwencje/PreCommitMessage.png (PNG copy)>]
[21 <./sekwencje/AckDoCommitMessage.png (PNG copy)>] [22 <./sekwencje/DoCommitM
essage.png (PNG copy)>] [23 <./sekwencje/HaveCommittedMessage.png (PNG copy)>]
(./Dokumentacja.aux) ) 
Here is how much of TeX's memory you used:
 2503 strings out of 493847
 32027 string characters out of 3153979
 84911 words of memory out of 3000000
 5725 multiletter control sequences out of 15000+200000
 13228 words of font info for 37 fonts, out of 3000000 for 9000
 714 hyphenation exceptions out of 8191
 25i,8n,31p,751b,233s stack positions out of 5000i,500n,10000p,200000b,50000s
{/usr/share/texmf-dist/fonts/enc/dvips/pl/pltt.enc}{/usr/
share/texmf-dist/fonts/enc/dvips/pl/plrm.enc}{/usr/share/texmf-dist/fonts/enc/d
vips/pl/plit.enc}</usr/share/texmf-dist/fonts/type1/public/amsfonts/cm/cmsy10.p
fb></usr/share/texmf-dist/fonts/type1/public/pl/plbx10.pfb></usr/share/texmf-di
st/fonts/type1/public/pl/plbx12.pfb></usr/share/texmf-dist/fonts/type1/public/p
l/plr10.pfb></usr/share/texmf-dist/fonts/type1/public/pl/plsl10.pfb></usr/share
/texmf-dist/fonts/type1/public/pl/plss10.pfb></usr/share/texmf-dist/fonts/type1
/public/pl/plss12.pfb></usr/share/texmf-dist/fonts/type1/public/pl/plss17.pfb><
/usr/share/texmf-dist/fonts/type1/public/pl/plti10.pfb></usr/share/texmf-dist/f
onts/type1/public/pl/pltt10.pfb>
Output written on Dokumentacja.pdf (24 pages, 924112 bytes).
PDF statistics:
 145 PDF objects out of 1000 (max. 8388607)
 0 named destinations out of 1000 (max. 500000)
 116 words of extra memory for PDF output out of 10000 (max. 10000000)

